;  LST file generated by mikroListExporter - v.2.0 
; Date/Time: 26/07/2025 11:20:41
;----------------------------------------------

;Address Opcode 	ASM
0x0000	0x2816      	GOTO       22
_____DoICP:
;__Lib_System.c,6 :: 		
;__Lib_System.c,9 :: 		
0x0003	0x1283      	BCF        STATUS, 5
0x0004	0x1303      	BCF        STATUS, 6
0x0005	0x0823      	MOVF       ___DoICPAddr+1, 0
0x0006	0x008A      	MOVWF      PCLATH
;__Lib_System.c,10 :: 		
0x0007	0x0822      	MOVF       ___DoICPAddr, 0
0x0008	0x0082      	MOVWF      PCL
;__Lib_System.c,12 :: 		
L_end_____DoICP:
0x0009	0x0008      	RETURN
; end of _____DoICP
___CC2DW:
;__Lib_System.c,134 :: 		
;__Lib_System.c,137 :: 		
_CC2D_Loop1:
;__Lib_System.c,139 :: 		
0x000A	0x2003      	CALL       _____DoICP
0x000B	0x118A      	BCF        PCLATH, 3
0x000C	0x120A      	BCF        PCLATH, 4
;__Lib_System.c,141 :: 		
0x000D	0x0080      	MOVWF      INDF
;__Lib_System.c,142 :: 		
0x000E	0x0A84      	INCF       FSR, 1
;__Lib_System.c,143 :: 		
0x000F	0x0AA2      	INCF       ___DoICPAddr, 1
;__Lib_System.c,145 :: 		
0x0010	0x1903      	BTFSC      STATUS, 2
;__Lib_System.c,146 :: 		
0x0011	0x0AA3      	INCF       ___DoICPAddr+1, 1
;__Lib_System.c,147 :: 		
0x0012	0x03F0      	DECF       R0, 1
;__Lib_System.c,149 :: 		
0x0013	0x1D03      	BTFSS      STATUS, 2
;__Lib_System.c,150 :: 		
0x0014	0x280A      	GOTO       _CC2D_Loop1
;__Lib_System.c,152 :: 		
L_end___CC2DW:
0x0015	0x0008      	RETURN
; end of ___CC2DW
_main:
0x0016	0x1283      	BCF        STATUS, 5
0x0017	0x1303      	BCF        STATUS, 6
0x0018	0x01A0      	CLRF       _apresent
0x0019	0x01A1      	CLRF       33
;ProjectMemoryGame.c,18 :: 		void main() {
;ProjectMemoryGame.c,19 :: 		TRISB = 0b11110000;
0x001A	0x30F0      	MOVLW      240
0x001B	0x1683      	BSF        STATUS, 5
0x001C	0x0086      	MOVWF      TRISB
;ProjectMemoryGame.c,20 :: 		TRISA = 0b00000010;
0x001D	0x3002      	MOVLW      2
0x001E	0x0085      	MOVWF      TRISA
;ProjectMemoryGame.c,22 :: 		PORTB = 0;
0x001F	0x1283      	BCF        STATUS, 5
0x0020	0x0186      	CLRF       PORTB
;ProjectMemoryGame.c,23 :: 		PORTA = 0;
0x0021	0x0185      	CLRF       PORTA
;ProjectMemoryGame.c,25 :: 		while(1)
L_main0:
;ProjectMemoryGame.c,28 :: 		if (apresent == 0){
0x0022	0x3000      	MOVLW      0
0x0023	0x0621      	XORWF      _apresent+1, 0
0x0024	0x1D03      	BTFSS      STATUS, 2
0x0025	0x2828      	GOTO       L__main18
0x0026	0x3000      	MOVLW      0
0x0027	0x0620      	XORWF      _apresent, 0
L__main18:
0x0028	0x1D03      	BTFSS      STATUS, 2
0x0029	0x28D7      	GOTO       L_main2
;ProjectMemoryGame.c,30 :: 		apresent = 1;
0x002A	0x3001      	MOVLW      1
0x002B	0x00A0      	MOVWF      _apresent
0x002C	0x3000      	MOVLW      0
0x002D	0x00A1      	MOVWF      _apresent+1
;ProjectMemoryGame.c,32 :: 		for (i = 0; i < 3; i++){
0x002E	0x01A4      	CLRF       _i
0x002F	0x01A5      	CLRF       _i+1
L_main3:
0x0030	0x3080      	MOVLW      128
0x0031	0x0625      	XORWF      _i+1, 0
0x0032	0x00F0      	MOVWF      R0
0x0033	0x3080      	MOVLW      128
0x0034	0x0270      	SUBWF      R0, 0
0x0035	0x1D03      	BTFSS      STATUS, 2
0x0036	0x2839      	GOTO       L__main19
0x0037	0x3003      	MOVLW      3
0x0038	0x0224      	SUBWF      _i, 0
L__main19:
0x0039	0x1803      	BTFSC      STATUS, 0
0x003A	0x2863      	GOTO       L_main4
;ProjectMemoryGame.c,34 :: 		led_red = 1; // Comando em Hexadecimal
0x003B	0x1406      	BSF        PORTB, 0
;ProjectMemoryGame.c,35 :: 		led_yellow = 1; // Comando em Hexadecimal
0x003C	0x1486      	BSF        PORTB, 1
;ProjectMemoryGame.c,36 :: 		led_green = 1; // Comando em Hexadecimal
0x003D	0x1506      	BSF        PORTB, 2
;ProjectMemoryGame.c,37 :: 		led_blue = 1; // Comando em Hexadecimal
0x003E	0x1586      	BSF        PORTB, 3
;ProjectMemoryGame.c,39 :: 		delay_ms(1000);
0x003F	0x3006      	MOVLW      6
0x0040	0x00FB      	MOVWF      R11
0x0041	0x3013      	MOVLW      19
0x0042	0x00FC      	MOVWF      R12
0x0043	0x30AD      	MOVLW      173
0x0044	0x00FD      	MOVWF      R13
L_main6:
0x0045	0x0BFD      	DECFSZ     R13, 1
0x0046	0x2845      	GOTO       L_main6
0x0047	0x0BFC      	DECFSZ     R12, 1
0x0048	0x2845      	GOTO       L_main6
0x0049	0x0BFB      	DECFSZ     R11, 1
0x004A	0x2845      	GOTO       L_main6
0x004B	0x0000      	NOP
0x004C	0x0000      	NOP
;ProjectMemoryGame.c,41 :: 		led_red = 0; // Comando em Hexadecimal
0x004D	0x1006      	BCF        PORTB, 0
;ProjectMemoryGame.c,42 :: 		led_yellow = 0; // Comando em Hexadecimal
0x004E	0x1086      	BCF        PORTB, 1
;ProjectMemoryGame.c,43 :: 		led_green = 0; // Comando em Hexadecimal
0x004F	0x1106      	BCF        PORTB, 2
;ProjectMemoryGame.c,44 :: 		led_blue = 0; // Comando em Hexadecimal
0x0050	0x1186      	BCF        PORTB, 3
;ProjectMemoryGame.c,45 :: 		delay_ms(1000);
0x0051	0x3006      	MOVLW      6
0x0052	0x00FB      	MOVWF      R11
0x0053	0x3013      	MOVLW      19
0x0054	0x00FC      	MOVWF      R12
0x0055	0x30AD      	MOVLW      173
0x0056	0x00FD      	MOVWF      R13
L_main7:
0x0057	0x0BFD      	DECFSZ     R13, 1
0x0058	0x2857      	GOTO       L_main7
0x0059	0x0BFC      	DECFSZ     R12, 1
0x005A	0x2857      	GOTO       L_main7
0x005B	0x0BFB      	DECFSZ     R11, 1
0x005C	0x2857      	GOTO       L_main7
0x005D	0x0000      	NOP
0x005E	0x0000      	NOP
;ProjectMemoryGame.c,32 :: 		for (i = 0; i < 3; i++){
0x005F	0x0AA4      	INCF       _i, 1
0x0060	0x1903      	BTFSC      STATUS, 2
0x0061	0x0AA5      	INCF       _i+1, 1
;ProjectMemoryGame.c,47 :: 		}
0x0062	0x2830      	GOTO       L_main3
L_main4:
;ProjectMemoryGame.c,49 :: 		for (i = 0; i < 5; i++){
0x0063	0x01A4      	CLRF       _i
0x0064	0x01A5      	CLRF       _i+1
L_main8:
0x0065	0x3080      	MOVLW      128
0x0066	0x0625      	XORWF      _i+1, 0
0x0067	0x00F0      	MOVWF      R0
0x0068	0x3080      	MOVLW      128
0x0069	0x0270      	SUBWF      R0, 0
0x006A	0x1D03      	BTFSS      STATUS, 2
0x006B	0x286E      	GOTO       L__main20
0x006C	0x3005      	MOVLW      5
0x006D	0x0224      	SUBWF      _i, 0
L__main20:
0x006E	0x1803      	BTFSC      STATUS, 0
0x006F	0x28B4      	GOTO       L_main9
;ProjectMemoryGame.c,51 :: 		led_red = 1; // Comando em Hexadecimal
0x0070	0x1406      	BSF        PORTB, 0
;ProjectMemoryGame.c,52 :: 		delay_ms(1000);
0x0071	0x3006      	MOVLW      6
0x0072	0x00FB      	MOVWF      R11
0x0073	0x3013      	MOVLW      19
0x0074	0x00FC      	MOVWF      R12
0x0075	0x30AD      	MOVLW      173
0x0076	0x00FD      	MOVWF      R13
L_main11:
0x0077	0x0BFD      	DECFSZ     R13, 1
0x0078	0x2877      	GOTO       L_main11
0x0079	0x0BFC      	DECFSZ     R12, 1
0x007A	0x2877      	GOTO       L_main11
0x007B	0x0BFB      	DECFSZ     R11, 1
0x007C	0x2877      	GOTO       L_main11
0x007D	0x0000      	NOP
0x007E	0x0000      	NOP
;ProjectMemoryGame.c,54 :: 		led_red = 0; // Comando em Hexadecimal
0x007F	0x1006      	BCF        PORTB, 0
;ProjectMemoryGame.c,55 :: 		led_blue = 1; // Comando em Hexadecimal
0x0080	0x1586      	BSF        PORTB, 3
;ProjectMemoryGame.c,56 :: 		delay_ms(1000);
0x0081	0x3006      	MOVLW      6
0x0082	0x00FB      	MOVWF      R11
0x0083	0x3013      	MOVLW      19
0x0084	0x00FC      	MOVWF      R12
0x0085	0x30AD      	MOVLW      173
0x0086	0x00FD      	MOVWF      R13
L_main12:
0x0087	0x0BFD      	DECFSZ     R13, 1
0x0088	0x2887      	GOTO       L_main12
0x0089	0x0BFC      	DECFSZ     R12, 1
0x008A	0x2887      	GOTO       L_main12
0x008B	0x0BFB      	DECFSZ     R11, 1
0x008C	0x2887      	GOTO       L_main12
0x008D	0x0000      	NOP
0x008E	0x0000      	NOP
;ProjectMemoryGame.c,58 :: 		led_blue = 0; // Comando em Hexadecimal
0x008F	0x1186      	BCF        PORTB, 3
;ProjectMemoryGame.c,59 :: 		led_yellow = 1; // Comando em Hexadecimal
0x0090	0x1486      	BSF        PORTB, 1
;ProjectMemoryGame.c,60 :: 		delay_ms(1000);
0x0091	0x3006      	MOVLW      6
0x0092	0x00FB      	MOVWF      R11
0x0093	0x3013      	MOVLW      19
0x0094	0x00FC      	MOVWF      R12
0x0095	0x30AD      	MOVLW      173
0x0096	0x00FD      	MOVWF      R13
L_main13:
0x0097	0x0BFD      	DECFSZ     R13, 1
0x0098	0x2897      	GOTO       L_main13
0x0099	0x0BFC      	DECFSZ     R12, 1
0x009A	0x2897      	GOTO       L_main13
0x009B	0x0BFB      	DECFSZ     R11, 1
0x009C	0x2897      	GOTO       L_main13
0x009D	0x0000      	NOP
0x009E	0x0000      	NOP
;ProjectMemoryGame.c,62 :: 		led_yellow = 0; // Comando em Hexadecimal
0x009F	0x1086      	BCF        PORTB, 1
;ProjectMemoryGame.c,63 :: 		led_green = 1; // Comando em Hexadecimal
0x00A0	0x1506      	BSF        PORTB, 2
;ProjectMemoryGame.c,64 :: 		delay_ms(1000);
0x00A1	0x3006      	MOVLW      6
0x00A2	0x00FB      	MOVWF      R11
0x00A3	0x3013      	MOVLW      19
0x00A4	0x00FC      	MOVWF      R12
0x00A5	0x30AD      	MOVLW      173
0x00A6	0x00FD      	MOVWF      R13
L_main14:
0x00A7	0x0BFD      	DECFSZ     R13, 1
0x00A8	0x28A7      	GOTO       L_main14
0x00A9	0x0BFC      	DECFSZ     R12, 1
0x00AA	0x28A7      	GOTO       L_main14
0x00AB	0x0BFB      	DECFSZ     R11, 1
0x00AC	0x28A7      	GOTO       L_main14
0x00AD	0x0000      	NOP
0x00AE	0x0000      	NOP
;ProjectMemoryGame.c,66 :: 		led_green = 0; // Comando em Hexadecimal
0x00AF	0x1106      	BCF        PORTB, 2
;ProjectMemoryGame.c,49 :: 		for (i = 0; i < 5; i++){
0x00B0	0x0AA4      	INCF       _i, 1
0x00B1	0x1903      	BTFSC      STATUS, 2
0x00B2	0x0AA5      	INCF       _i+1, 1
;ProjectMemoryGame.c,68 :: 		}
0x00B3	0x2865      	GOTO       L_main8
L_main9:
;ProjectMemoryGame.c,70 :: 		led_red = 1; // Comando em Hexadecimal
0x00B4	0x1406      	BSF        PORTB, 0
;ProjectMemoryGame.c,71 :: 		led_yellow = 1; // Comando em Hexadecimal
0x00B5	0x1486      	BSF        PORTB, 1
;ProjectMemoryGame.c,72 :: 		led_green = 1; // Comando em Hexadecimal
0x00B6	0x1506      	BSF        PORTB, 2
;ProjectMemoryGame.c,73 :: 		led_blue = 1; // Comando em Hexadecimal
0x00B7	0x1586      	BSF        PORTB, 3
;ProjectMemoryGame.c,75 :: 		delay_ms(2000);
0x00B8	0x300B      	MOVLW      11
0x00B9	0x00FB      	MOVWF      R11
0x00BA	0x3026      	MOVLW      38
0x00BB	0x00FC      	MOVWF      R12
0x00BC	0x305D      	MOVLW      93
0x00BD	0x00FD      	MOVWF      R13
L_main15:
0x00BE	0x0BFD      	DECFSZ     R13, 1
0x00BF	0x28BE      	GOTO       L_main15
0x00C0	0x0BFC      	DECFSZ     R12, 1
0x00C1	0x28BE      	GOTO       L_main15
0x00C2	0x0BFB      	DECFSZ     R11, 1
0x00C3	0x28BE      	GOTO       L_main15
0x00C4	0x0000      	NOP
0x00C5	0x0000      	NOP
;ProjectMemoryGame.c,77 :: 		led_red = 0; // Comando em Hexadecimal
0x00C6	0x1006      	BCF        PORTB, 0
;ProjectMemoryGame.c,78 :: 		led_yellow = 0; // Comando em Hexadecimal
0x00C7	0x1086      	BCF        PORTB, 1
;ProjectMemoryGame.c,79 :: 		led_green = 0; // Comando em Hexadecimal
0x00C8	0x1106      	BCF        PORTB, 2
;ProjectMemoryGame.c,80 :: 		led_blue = 0; // Comando em Hexadecimal
0x00C9	0x1186      	BCF        PORTB, 3
;ProjectMemoryGame.c,82 :: 		delay_ms(4000);
0x00CA	0x3015      	MOVLW      21
0x00CB	0x00FB      	MOVWF      R11
0x00CC	0x304B      	MOVLW      75
0x00CD	0x00FC      	MOVWF      R12
0x00CE	0x30BE      	MOVLW      190
0x00CF	0x00FD      	MOVWF      R13
L_main16:
0x00D0	0x0BFD      	DECFSZ     R13, 1
0x00D1	0x28D0      	GOTO       L_main16
0x00D2	0x0BFC      	DECFSZ     R12, 1
0x00D3	0x28D0      	GOTO       L_main16
0x00D4	0x0BFB      	DECFSZ     R11, 1
0x00D5	0x28D0      	GOTO       L_main16
0x00D6	0x0000      	NOP
;ProjectMemoryGame.c,85 :: 		}
L_main2:
;ProjectMemoryGame.c,90 :: 		} // fim do while
0x00D7	0x2822      	GOTO       L_main0
;ProjectMemoryGame.c,91 :: 		}
L_end_main:
0x00D8	0x28D8      	GOTO       $+0
; end of _main
Symbol List:
//** Routines locations **
//ADDRESS    SIZE    PROCEDURE
//----------------------------------------------
0x0003       [7]    _____DoICP
0x000A      [12]    ___CC2DW
0x0016     [195]    _main
//** Variables locations ** 
//ADDRESS    SIZE    VARIABLE
//----------------------------------------------
0x0000       [1]    INDF
0x0002       [1]    PCL
0x0003       [1]    STATUS
0x0004       [1]    FSR
0x0005       [1]    PORTA
0x0006       [1]    PORTB
0x000A       [1]    PCLATH
0x0020       [2]    _apresent
0x0022       [2]    ___DoICPAddr
0x0024       [2]    _i
0x0070       [1]    R0
0x0071       [1]    R1
0x0072       [1]    R2
0x0073       [1]    R3
0x0074       [1]    R4
0x0075       [1]    R5
0x0076       [1]    R6
0x0077       [1]    R7
0x0078       [1]    R8
0x0079       [1]    R9
0x007A       [1]    R10
0x007B       [1]    R11
0x007C       [1]    R12
0x007D       [1]    R13
0x007E       [1]    R14
0x007F       [1]    R15
0x0085       [1]    TRISA
0x0086       [1]    TRISB
